curl_msnprintf
curl_mfprintf
curl_mime_name
curl_formadd
curl_formfree
curl_mime_init
curl_mime_subparts
curl_mime_addpart
curl_mime_headers
curl_mime_data_cb
curl_mime_type
curl_mime_filedata
curl_mime_filename
curl_mime_data
curl_formget
curl_maprintf
curl_getdate
curl_strnequal
curl_slist_free_all
curl_mvaprintf
curl_url_dup
curl_url_set
curl_url_cleanup
curl_url_get
curl_mvsnprintf
curl_easy_strerror
curl_url
curl_multi_remove_handle
curl_multi_cleanup
curl_getenv
curl_version
curl_version_info
curl_easy_escape
curl_escape
curl_easy_unescape
curl_unescape
curl_free
curl_msprintf
curl_mprintf
curl_mvsprintf
curl_mvprintf
curl_mvfprintf
curl_slist_append
curl_strequal
curl_global_init
curl_global_init_mem
curl_global_cleanup
curl_easy_init
curl_easy_perform
curl_multi_setopt
curl_multi_add_handle
curl_multi_timeout
curl_multi_perform
curl_multi_info_read
curl_easy_cleanup
curl_easy_getinfo
curl_easy_duphandle
curl_easy_reset
curl_easy_pause
curl_easy_recv
curl_easy_send
curl_easy_upkeep
curl_multi_init
curl_multi_fdset
curl_multi_wait
curl_multi_socket
curl_multi_socket_action
curl_multi_socket_all
curl_multi_assign
curl_share_init
curl_share_setopt
curl_share_cleanup
curl_multi_strerror
curl_share_strerror
curl_pushheader_bynum
curl_pushheader_byname
curl_mime_free
curl_mime_encoder
curl_easy_setopt
curl_global_sslset
libcurl.so.4
# https://curl.haxx.se/docs/http-cookies.html
# This file was generated by libcurl! Edit at your own risk.
# Fatal libcurl error
Unsupported proxy '%s', libcurl is built without the HTTPS-proxy support.
Protocol "%s" not supported or disabled in libcurl
CLIENT libcurl 7.65.1
CLIENT libcurl 7.65.1
CLIENT libcurl 7.65.1
libcurl/7.65.1
Unrecognized content encoding type. libcurl understands %s content encodings.
curl user interface
